Determining if the pthread_create exist failed with the following output:
Change Dir: /net/hunt/home/kotah/prs-server-beta/PRS-methods/prs-toolchain/src/CMakeFiles/CMakeTmp

Run Build Command:"/usr/bin/make" "cmTC_d58f4/fast"
/usr/bin/make -f CMakeFiles/cmTC_d58f4.dir/build.make CMakeFiles/cmTC_d58f4.dir/build
make[1]: Entering directory '/net/hunt/home/kotah/prs-server-beta/PRS-methods/prs-toolchain/src/CMakeFiles/CMakeTmp'
Building C object CMakeFiles/cmTC_d58f4.dir/CheckSymbolExists.c.o
/usr/bin/cc    -o CMakeFiles/cmTC_d58f4.dir/CheckSymbolExists.c.o   -c /net/hunt/home/kotah/prs-server-beta/PRS-methods/prs-toolchain/src/CMakeFiles/CMakeTmp/CheckSymbolExists.c
Linking C executable cmTC_d58f4
/usr/bin/cmake -E cmake_link_script CMakeFiles/cmTC_d58f4.dir/link.txt --verbose=1
/usr/bin/cc      CMakeFiles/cmTC_d58f4.dir/CheckSymbolExists.c.o  -o cmTC_d58f4 
CMakeFiles/cmTC_d58f4.dir/CheckSymbolExists.c.o: In function `main':
CheckSymbolExists.c:(.text+0x16): undefined reference to `pthread_create'
collect2: error: ld returned 1 exit status
CMakeFiles/cmTC_d58f4.dir/build.make:97: recipe for target 'cmTC_d58f4' failed
make[1]: *** [cmTC_d58f4] Error 1
make[1]: Leaving directory '/net/hunt/home/kotah/prs-server-beta/PRS-methods/prs-toolchain/src/CMakeFiles/CMakeTmp'
Makefile:126: recipe for target 'cmTC_d58f4/fast' failed
make: *** [cmTC_d58f4/fast] Error 2

File /net/hunt/home/kotah/prs-server-beta/PRS-methods/prs-toolchain/src/CMakeFiles/CMakeTmp/CheckSymbolExists.c:
/* */
#include <pthread.h>

int main(int argc, char** argv)
{
  (void)argv;
#ifndef pthread_create
  return ((int*)(&pthread_create))[argc];
#else
  (void)argc;
  return 0;
#endif
}

Determining if the function pthread_create exists in the pthreads failed with the following output:
Change Dir: /net/hunt/home/kotah/prs-server-beta/PRS-methods/prs-toolchain/src/CMakeFiles/CMakeTmp

Run Build Command:"/usr/bin/make" "cmTC_da18c/fast"
/usr/bin/make -f CMakeFiles/cmTC_da18c.dir/build.make CMakeFiles/cmTC_da18c.dir/build
make[1]: Entering directory '/net/hunt/home/kotah/prs-server-beta/PRS-methods/prs-toolchain/src/CMakeFiles/CMakeTmp'
Building C object CMakeFiles/cmTC_da18c.dir/CheckFunctionExists.c.o
/usr/bin/cc   -DCHECK_FUNCTION_EXISTS=pthread_create   -o CMakeFiles/cmTC_da18c.dir/CheckFunctionExists.c.o   -c /usr/share/cmake-3.8/Modules/CheckFunctionExists.c
Linking C executable cmTC_da18c
/usr/bin/cmake -E cmake_link_script CMakeFiles/cmTC_da18c.dir/link.txt --verbose=1
/usr/bin/cc  -DCHECK_FUNCTION_EXISTS=pthread_create    CMakeFiles/cmTC_da18c.dir/CheckFunctionExists.c.o  -o cmTC_da18c -lpthreads 
/usr/bin/ld: cannot find -lpthreads
collect2: error: ld returned 1 exit status
CMakeFiles/cmTC_da18c.dir/build.make:97: recipe for target 'cmTC_da18c' failed
make[1]: *** [cmTC_da18c] Error 1
make[1]: Leaving directory '/net/hunt/home/kotah/prs-server-beta/PRS-methods/prs-toolchain/src/CMakeFiles/CMakeTmp'
Makefile:126: recipe for target 'cmTC_da18c/fast' failed
make: *** [cmTC_da18c/fast] Error 2


Determining if the pthread_create exist failed with the following output:
Change Dir: /net/hunt/home/kotah/prs-server-beta/PRS-methods/prs-toolchain/src/CMakeFiles/CMakeTmp

Run Build Command:"/usr/bin/make" "cmTC_13270/fast"
/usr/bin/make -f CMakeFiles/cmTC_13270.dir/build.make CMakeFiles/cmTC_13270.dir/build
make[1]: Entering directory '/net/hunt/home/kotah/prs-server-beta/PRS-methods/prs-toolchain/src/CMakeFiles/CMakeTmp'
Building C object CMakeFiles/cmTC_13270.dir/CheckSymbolExists.c.o
/usr/bin/cc    -o CMakeFiles/cmTC_13270.dir/CheckSymbolExists.c.o   -c /net/hunt/home/kotah/prs-server-beta/PRS-methods/prs-toolchain/src/CMakeFiles/CMakeTmp/CheckSymbolExists.c
Linking C executable cmTC_13270
/usr/bin/cmake -E cmake_link_script CMakeFiles/cmTC_13270.dir/link.txt --verbose=1
/usr/bin/cc      CMakeFiles/cmTC_13270.dir/CheckSymbolExists.c.o  -o cmTC_13270 
CMakeFiles/cmTC_13270.dir/CheckSymbolExists.c.o: In function `main':
CheckSymbolExists.c:(.text+0x16): undefined reference to `pthread_create'
collect2: error: ld returned 1 exit status
CMakeFiles/cmTC_13270.dir/build.make:97: recipe for target 'cmTC_13270' failed
make[1]: *** [cmTC_13270] Error 1
make[1]: Leaving directory '/net/hunt/home/kotah/prs-server-beta/PRS-methods/prs-toolchain/src/CMakeFiles/CMakeTmp'
Makefile:126: recipe for target 'cmTC_13270/fast' failed
make: *** [cmTC_13270/fast] Error 2

File /net/hunt/home/kotah/prs-server-beta/PRS-methods/prs-toolchain/src/CMakeFiles/CMakeTmp/CheckSymbolExists.c:
/* */
#include <pthread.h>

int main(int argc, char** argv)
{
  (void)argv;
#ifndef pthread_create
  return ((int*)(&pthread_create))[argc];
#else
  (void)argc;
  return 0;
#endif
}

Determining if the function pthread_create exists in the pthreads failed with the following output:
Change Dir: /net/hunt/home/kotah/prs-server-beta/PRS-methods/prs-toolchain/src/CMakeFiles/CMakeTmp

Run Build Command:"/usr/bin/make" "cmTC_e4e55/fast"
/usr/bin/make -f CMakeFiles/cmTC_e4e55.dir/build.make CMakeFiles/cmTC_e4e55.dir/build
make[1]: Entering directory '/net/hunt/home/kotah/prs-server-beta/PRS-methods/prs-toolchain/src/CMakeFiles/CMakeTmp'
Building C object CMakeFiles/cmTC_e4e55.dir/CheckFunctionExists.c.o
/usr/bin/cc   -DCHECK_FUNCTION_EXISTS=pthread_create   -o CMakeFiles/cmTC_e4e55.dir/CheckFunctionExists.c.o   -c /usr/share/cmake-3.8/Modules/CheckFunctionExists.c
Linking C executable cmTC_e4e55
/usr/bin/cmake -E cmake_link_script CMakeFiles/cmTC_e4e55.dir/link.txt --verbose=1
/usr/bin/cc  -DCHECK_FUNCTION_EXISTS=pthread_create    CMakeFiles/cmTC_e4e55.dir/CheckFunctionExists.c.o  -o cmTC_e4e55 -lpthreads 
/usr/bin/ld: cannot find -lpthreads
collect2: error: ld returned 1 exit status
CMakeFiles/cmTC_e4e55.dir/build.make:97: recipe for target 'cmTC_e4e55' failed
make[1]: *** [cmTC_e4e55] Error 1
make[1]: Leaving directory '/net/hunt/home/kotah/prs-server-beta/PRS-methods/prs-toolchain/src/CMakeFiles/CMakeTmp'
Makefile:126: recipe for target 'cmTC_e4e55/fast' failed
make: *** [cmTC_e4e55/fast] Error 2


Determining if the pthread_create exist failed with the following output:
Change Dir: /net/hunt/home/kotah/prs-server-beta/PRS-methods/prs-toolchain/src/CMakeFiles/CMakeTmp

Run Build Command:"/usr/bin/make" "cmTC_b6e26/fast"
/usr/bin/make -f CMakeFiles/cmTC_b6e26.dir/build.make CMakeFiles/cmTC_b6e26.dir/build
make[1]: Entering directory '/net/hunt/home/kotah/prs-server-beta/PRS-methods/prs-toolchain/src/CMakeFiles/CMakeTmp'
Building C object CMakeFiles/cmTC_b6e26.dir/CheckSymbolExists.c.o
/usr/bin/cc    -o CMakeFiles/cmTC_b6e26.dir/CheckSymbolExists.c.o   -c /net/hunt/home/kotah/prs-server-beta/PRS-methods/prs-toolchain/src/CMakeFiles/CMakeTmp/CheckSymbolExists.c
Linking C executable cmTC_b6e26
/usr/bin/cmake -E cmake_link_script CMakeFiles/cmTC_b6e26.dir/link.txt --verbose=1
/usr/bin/cc      CMakeFiles/cmTC_b6e26.dir/CheckSymbolExists.c.o  -o cmTC_b6e26 
CMakeFiles/cmTC_b6e26.dir/CheckSymbolExists.c.o: In function `main':
CheckSymbolExists.c:(.text+0x16): undefined reference to `pthread_create'
collect2: error: ld returned 1 exit status
CMakeFiles/cmTC_b6e26.dir/build.make:97: recipe for target 'cmTC_b6e26' failed
make[1]: *** [cmTC_b6e26] Error 1
make[1]: Leaving directory '/net/hunt/home/kotah/prs-server-beta/PRS-methods/prs-toolchain/src/CMakeFiles/CMakeTmp'
Makefile:126: recipe for target 'cmTC_b6e26/fast' failed
make: *** [cmTC_b6e26/fast] Error 2

File /net/hunt/home/kotah/prs-server-beta/PRS-methods/prs-toolchain/src/CMakeFiles/CMakeTmp/CheckSymbolExists.c:
/* */
#include <pthread.h>

int main(int argc, char** argv)
{
  (void)argv;
#ifndef pthread_create
  return ((int*)(&pthread_create))[argc];
#else
  (void)argc;
  return 0;
#endif
}

Determining if the function pthread_create exists in the pthreads failed with the following output:
Change Dir: /net/hunt/home/kotah/prs-server-beta/PRS-methods/prs-toolchain/src/CMakeFiles/CMakeTmp

Run Build Command:"/usr/bin/make" "cmTC_2f698/fast"
/usr/bin/make -f CMakeFiles/cmTC_2f698.dir/build.make CMakeFiles/cmTC_2f698.dir/build
make[1]: Entering directory '/net/hunt/home/kotah/prs-server-beta/PRS-methods/prs-toolchain/src/CMakeFiles/CMakeTmp'
Building C object CMakeFiles/cmTC_2f698.dir/CheckFunctionExists.c.o
/usr/bin/cc   -DCHECK_FUNCTION_EXISTS=pthread_create   -o CMakeFiles/cmTC_2f698.dir/CheckFunctionExists.c.o   -c /usr/share/cmake-3.8/Modules/CheckFunctionExists.c
Linking C executable cmTC_2f698
/usr/bin/cmake -E cmake_link_script CMakeFiles/cmTC_2f698.dir/link.txt --verbose=1
/usr/bin/cc  -DCHECK_FUNCTION_EXISTS=pthread_create    CMakeFiles/cmTC_2f698.dir/CheckFunctionExists.c.o  -o cmTC_2f698 -lpthreads 
/usr/bin/ld: cannot find -lpthreads
collect2: error: ld returned 1 exit status
CMakeFiles/cmTC_2f698.dir/build.make:97: recipe for target 'cmTC_2f698' failed
make[1]: *** [cmTC_2f698] Error 1
make[1]: Leaving directory '/net/hunt/home/kotah/prs-server-beta/PRS-methods/prs-toolchain/src/CMakeFiles/CMakeTmp'
Makefile:126: recipe for target 'cmTC_2f698/fast' failed
make: *** [cmTC_2f698/fast] Error 2


Determining if the pthread_create exist failed with the following output:
Change Dir: /net/hunt/home/kotah/prs-server-beta/PRS-methods/prs-toolchain/src/CMakeFiles/CMakeTmp

Run Build Command:"/usr/bin/make" "cmTC_c176f/fast"
/usr/bin/make -f CMakeFiles/cmTC_c176f.dir/build.make CMakeFiles/cmTC_c176f.dir/build
make[1]: Entering directory '/net/hunt/home/kotah/prs-server-beta/PRS-methods/prs-toolchain/src/CMakeFiles/CMakeTmp'
Building C object CMakeFiles/cmTC_c176f.dir/CheckSymbolExists.c.o
/usr/bin/cc    -o CMakeFiles/cmTC_c176f.dir/CheckSymbolExists.c.o   -c /net/hunt/home/kotah/prs-server-beta/PRS-methods/prs-toolchain/src/CMakeFiles/CMakeTmp/CheckSymbolExists.c
Linking C executable cmTC_c176f
/usr/bin/cmake -E cmake_link_script CMakeFiles/cmTC_c176f.dir/link.txt --verbose=1
/usr/bin/cc      CMakeFiles/cmTC_c176f.dir/CheckSymbolExists.c.o  -o cmTC_c176f 
CMakeFiles/cmTC_c176f.dir/CheckSymbolExists.c.o: In function `main':
CheckSymbolExists.c:(.text+0x16): undefined reference to `pthread_create'
collect2: error: ld returned 1 exit status
CMakeFiles/cmTC_c176f.dir/build.make:97: recipe for target 'cmTC_c176f' failed
make[1]: *** [cmTC_c176f] Error 1
make[1]: Leaving directory '/net/hunt/home/kotah/prs-server-beta/PRS-methods/prs-toolchain/src/CMakeFiles/CMakeTmp'
Makefile:126: recipe for target 'cmTC_c176f/fast' failed
make: *** [cmTC_c176f/fast] Error 2

File /net/hunt/home/kotah/prs-server-beta/PRS-methods/prs-toolchain/src/CMakeFiles/CMakeTmp/CheckSymbolExists.c:
/* */
#include <pthread.h>

int main(int argc, char** argv)
{
  (void)argv;
#ifndef pthread_create
  return ((int*)(&pthread_create))[argc];
#else
  (void)argc;
  return 0;
#endif
}

Determining if the function pthread_create exists in the pthreads failed with the following output:
Change Dir: /net/hunt/home/kotah/prs-server-beta/PRS-methods/prs-toolchain/src/CMakeFiles/CMakeTmp

Run Build Command:"/usr/bin/make" "cmTC_d1795/fast"
/usr/bin/make -f CMakeFiles/cmTC_d1795.dir/build.make CMakeFiles/cmTC_d1795.dir/build
make[1]: Entering directory '/net/hunt/home/kotah/prs-server-beta/PRS-methods/prs-toolchain/src/CMakeFiles/CMakeTmp'
Building C object CMakeFiles/cmTC_d1795.dir/CheckFunctionExists.c.o
/usr/bin/cc   -DCHECK_FUNCTION_EXISTS=pthread_create   -o CMakeFiles/cmTC_d1795.dir/CheckFunctionExists.c.o   -c /usr/share/cmake-3.8/Modules/CheckFunctionExists.c
Linking C executable cmTC_d1795
/usr/bin/cmake -E cmake_link_script CMakeFiles/cmTC_d1795.dir/link.txt --verbose=1
/usr/bin/cc  -DCHECK_FUNCTION_EXISTS=pthread_create    CMakeFiles/cmTC_d1795.dir/CheckFunctionExists.c.o  -o cmTC_d1795 -lpthreads 
/usr/bin/ld: cannot find -lpthreads
collect2: error: ld returned 1 exit status
CMakeFiles/cmTC_d1795.dir/build.make:97: recipe for target 'cmTC_d1795' failed
make[1]: *** [cmTC_d1795] Error 1
make[1]: Leaving directory '/net/hunt/home/kotah/prs-server-beta/PRS-methods/prs-toolchain/src/CMakeFiles/CMakeTmp'
Makefile:126: recipe for target 'cmTC_d1795/fast' failed
make: *** [cmTC_d1795/fast] Error 2


Determining if the pthread_create exist failed with the following output:
Change Dir: /net/hunt/home/kotah/prs-server-beta/PRS-methods/prs-toolchain/src/CMakeFiles/CMakeTmp

Run Build Command:"/usr/bin/make" "cmTC_a806a/fast"
/usr/bin/make -f CMakeFiles/cmTC_a806a.dir/build.make CMakeFiles/cmTC_a806a.dir/build
make[1]: Entering directory '/net/hunt/home/kotah/prs-server-beta/PRS-methods/prs-toolchain/src/CMakeFiles/CMakeTmp'
Building C object CMakeFiles/cmTC_a806a.dir/CheckSymbolExists.c.o
/usr/bin/cc    -o CMakeFiles/cmTC_a806a.dir/CheckSymbolExists.c.o   -c /net/hunt/home/kotah/prs-server-beta/PRS-methods/prs-toolchain/src/CMakeFiles/CMakeTmp/CheckSymbolExists.c
Linking C executable cmTC_a806a
/usr/bin/cmake -E cmake_link_script CMakeFiles/cmTC_a806a.dir/link.txt --verbose=1
/usr/bin/cc      CMakeFiles/cmTC_a806a.dir/CheckSymbolExists.c.o  -o cmTC_a806a 
CMakeFiles/cmTC_a806a.dir/CheckSymbolExists.c.o: In function `main':
CheckSymbolExists.c:(.text+0x16): undefined reference to `pthread_create'
collect2: error: ld returned 1 exit status
CMakeFiles/cmTC_a806a.dir/build.make:97: recipe for target 'cmTC_a806a' failed
make[1]: *** [cmTC_a806a] Error 1
make[1]: Leaving directory '/net/hunt/home/kotah/prs-server-beta/PRS-methods/prs-toolchain/src/CMakeFiles/CMakeTmp'
Makefile:126: recipe for target 'cmTC_a806a/fast' failed
make: *** [cmTC_a806a/fast] Error 2

File /net/hunt/home/kotah/prs-server-beta/PRS-methods/prs-toolchain/src/CMakeFiles/CMakeTmp/CheckSymbolExists.c:
/* */
#include <pthread.h>

int main(int argc, char** argv)
{
  (void)argv;
#ifndef pthread_create
  return ((int*)(&pthread_create))[argc];
#else
  (void)argc;
  return 0;
#endif
}

Determining if the function pthread_create exists in the pthreads failed with the following output:
Change Dir: /net/hunt/home/kotah/prs-server-beta/PRS-methods/prs-toolchain/src/CMakeFiles/CMakeTmp

Run Build Command:"/usr/bin/make" "cmTC_33c41/fast"
/usr/bin/make -f CMakeFiles/cmTC_33c41.dir/build.make CMakeFiles/cmTC_33c41.dir/build
make[1]: Entering directory '/net/hunt/home/kotah/prs-server-beta/PRS-methods/prs-toolchain/src/CMakeFiles/CMakeTmp'
Building C object CMakeFiles/cmTC_33c41.dir/CheckFunctionExists.c.o
/usr/bin/cc   -DCHECK_FUNCTION_EXISTS=pthread_create   -o CMakeFiles/cmTC_33c41.dir/CheckFunctionExists.c.o   -c /usr/share/cmake-3.8/Modules/CheckFunctionExists.c
Linking C executable cmTC_33c41
/usr/bin/cmake -E cmake_link_script CMakeFiles/cmTC_33c41.dir/link.txt --verbose=1
/usr/bin/cc  -DCHECK_FUNCTION_EXISTS=pthread_create    CMakeFiles/cmTC_33c41.dir/CheckFunctionExists.c.o  -o cmTC_33c41 -lpthreads 
/usr/bin/ld: cannot find -lpthreads
collect2: error: ld returned 1 exit status
CMakeFiles/cmTC_33c41.dir/build.make:97: recipe for target 'cmTC_33c41' failed
make[1]: *** [cmTC_33c41] Error 1
make[1]: Leaving directory '/net/hunt/home/kotah/prs-server-beta/PRS-methods/prs-toolchain/src/CMakeFiles/CMakeTmp'
Makefile:126: recipe for target 'cmTC_33c41/fast' failed
make: *** [cmTC_33c41/fast] Error 2


